2018-11-09 11:48:31.769 ERROR 2420 --- [restartedMain] o.s.b.c.l.LoggingApplicationListener     : Cannot set level: WARN  for 'org.springframework'
2018-11-09 11:48:31.774 ERROR 2420 --- [restartedMain] o.s.b.c.l.LoggingApplicationListener     : Cannot set level: DEBUG  for 'com.v11j.shapeManager.dao'
2018-11-09 11:48:31.984  INFO 2420 --- [restartedMain] c.e.lombokdemo.LombokdemoApplication     : Starting LombokdemoApplication on liudong-test003 with PID 2420 (E:\IdeaProjects\lombokdemo\target\classes started by Administrator in E:\IdeaProjects\lombokdemo)
2018-11-09 11:48:31.986  INFO 2420 --- [restartedMain] c.e.lombokdemo.LombokdemoApplication     : No active profile set, falling back to default profiles: default
2018-11-09 11:48:32.210  INFO 2420 --- [restartedMain] .e.DevToolsPropertyDefaultsPostProcessor : Devtools property defaults active! Set 'spring.devtools.add-properties' to 'false' to disable
2018-11-09 11:48:32.211  INFO 2420 --- [restartedMain] .e.DevToolsPropertyDefaultsPostProcessor : For additional web related logging consider setting the 'logging.level.web' property to 'DEBUG'
2018-11-09 11:48:33.830  INFO 2420 --- [restartedMain] .s.d.r.c.RepositoryConfigurationDelegate : Bootstrapping Spring Data repositories in DEFAULT mode.
2018-11-09 11:48:33.880  INFO 2420 --- [restartedMain] .s.d.r.c.RepositoryConfigurationDelegate : Finished Spring Data repository scanning in 34ms. Found 0 repository interfaces.
2018-11-09 11:48:34.583  INFO 2420 --- [restartedMain] trationDelegate$BeanPostProcessorChecker : Bean 'org.springframework.transaction.annotation.ProxyTransactionManagementConfiguration' of type [org.springframework.transaction.annotation.ProxyTransactionManagementConfiguration$$EnhancerBySpringCGLIB$$32911028] is not eligible for getting processed by all BeanPostProcessors (for example: not eligible for auto-proxying)
2018-11-09 11:48:35.420  INFO 2420 --- [restartedMain] o.s.b.w.embedded.tomcat.TomcatWebServer  : Tomcat initialized with port(s): 8080 (http)
2018-11-09 11:48:35.452  INFO 2420 --- [restartedMain] o.apache.catalina.core.StandardService   : Starting service [Tomcat]
2018-11-09 11:48:35.452  INFO 2420 --- [restartedMain] org.apache.catalina.core.StandardEngine  : Starting Servlet Engine: Apache Tomcat/9.0.12
2018-11-09 11:48:35.462  INFO 2420 --- [restartedMain] o.a.catalina.core.AprLifecycleListener   : The APR based Apache Tomcat Native library which allows optimal performance in production environments was not found on the java.library.path: [C:\Program Files\Java\jdk1.8.0_171\bin;C:\Windows\Sun\Java\bin;C:\Windows\system32;C:\Windows;D:\Program Files\Python37\Scripts\;D:\Program Files\Python37\;D:\MyDownloads\apache-maven-3.5.4-bin\apache-maven-3.5.4\bin;C:\Program Files\Java\jdk1.8.0_171\bin;C:\Program Files (x86)\Common Files\Oracle\Java\javapath;C:\Windows\system32;C:\Windows;C:\Windows\System32\Wbem;C:\Windows\System32\WindowsPowerShell\v1.0\;D:\MyDownloads\zookeeper-3.4.10\bin;C:\Program Files\nodejs\;C:\Program Files\Git\cmd;E:\Program Files\TortoiseGit\bin;D:\MyDownloads\mysql-5.7.24-winx64\bin;C:\Users\Administrator\AppData\Roaming\npm;D:\Program Files\Microsoft VS Code\bin;.]
2018-11-09 11:48:35.903  INFO 2420 --- [restartedMain] o.a.c.c.C.[Tomcat].[localhost].[/]       : Initializing Spring embedded WebApplicationContext
2018-11-09 11:48:35.904  INFO 2420 --- [restartedMain] o.s.web.context.ContextLoader            : Root WebApplicationContext: initialization completed in 3693 ms
2018-11-09 11:48:35.984  INFO 2420 --- [restartedMain] o.s.b.w.servlet.ServletRegistrationBean  : Servlet dispatcherServlet mapped to [/]
2018-11-09 11:48:35.994  INFO 2420 --- [restartedMain] o.s.b.w.servlet.FilterRegistrationBean   : Mapping filter: 'characterEncodingFilter' to: [/*]
2018-11-09 11:48:35.995  INFO 2420 --- [restartedMain] o.s.b.w.servlet.FilterRegistrationBean   : Mapping filter: 'hiddenHttpMethodFilter' to: [/*]
2018-11-09 11:48:35.995  INFO 2420 --- [restartedMain] o.s.b.w.servlet.FilterRegistrationBean   : Mapping filter: 'formContentFilter' to: [/*]
2018-11-09 11:48:35.995  INFO 2420 --- [restartedMain] o.s.b.w.servlet.FilterRegistrationBean   : Mapping filter: 'requestContextFilter' to: [/*]
2018-11-09 11:48:36.402  INFO 2420 --- [restartedMain] com.zaxxer.hikari.HikariDataSource       : HikariPool-1 - Starting...
2018-11-09 11:48:36.404  WARN 2420 --- [restartedMain] com.zaxxer.hikari.util.DriverDataSource  : Registered driver with driverClassName=com.mysql.jdbc.Driver was not found, trying direct instantiation.
2018-11-09 11:48:36.876  INFO 2420 --- [restartedMain] com.zaxxer.hikari.HikariDataSource       : HikariPool-1 - Start completed.
2018-11-09 11:48:36.980  INFO 2420 --- [restartedMain] o.hibernate.jpa.internal.util.LogHelper  : HHH000204: Processing PersistenceUnitInfo [
	name: default
	...]
2018-11-09 11:48:37.094  INFO 2420 --- [restartedMain] org.hibernate.Version                    : HHH000412: Hibernate Core {5.3.7.Final}
2018-11-09 11:48:37.097  INFO 2420 --- [restartedMain] org.hibernate.cfg.Environment            : HHH000206: hibernate.properties not found
2018-11-09 11:48:37.345  INFO 2420 --- [restartedMain] o.hibernate.annotations.common.Version   : HCANN000001: Hibernate Commons Annotations {5.0.4.Final}
2018-11-09 11:48:37.587  INFO 2420 --- [restartedMain] org.hibernate.dialect.Dialect            : HHH000400: Using dialect: org.hibernate.dialect.MySQL5Dialect
2018-11-09 11:48:37.926  INFO 2420 --- [restartedMain] j.LocalContainerEntityManagerFactoryBean : Initialized JPA EntityManagerFactory for persistence unit 'default'
2018-11-09 11:48:38.691  INFO 2420 --- [restartedMain] o.s.s.concurrent.ThreadPoolTaskExecutor  : Initializing ExecutorService 'applicationTaskExecutor'
2018-11-09 11:48:38.764  WARN 2420 --- [restartedMain] aWebConfiguration$JpaWebMvcConfiguration : spring.jpa.open-in-view is enabled by default. Therefore, database queries may be performed during view rendering. Explicitly configure spring.jpa.open-in-view to disable this warning
2018-11-09 11:48:39.134  INFO 2420 --- [restartedMain] o.s.b.d.a.OptionalLiveReloadServer       : LiveReload server is running on port 35729
2018-11-09 11:48:39.250  INFO 2420 --- [restartedMain] o.s.b.w.embedded.tomcat.TomcatWebServer  : Tomcat started on port(s): 8080 (http) with context path ''
2018-11-09 11:48:39.257  INFO 2420 --- [restartedMain] c.e.lombokdemo.LombokdemoApplication     : Started LombokdemoApplication in 8.475 seconds (JVM running for 9.975)
2018-11-09 11:48:55.063  INFO 2420 --- [http-nio-8080-exec-2] o.a.c.c.C.[Tomcat].[localhost].[/]       : Initializing Spring DispatcherServlet 'dispatcherServlet'
2018-11-09 11:48:55.064  INFO 2420 --- [http-nio-8080-exec-2] o.s.web.servlet.DispatcherServlet        : Initializing Servlet 'dispatcherServlet'
2018-11-09 11:48:55.083  INFO 2420 --- [http-nio-8080-exec-2] o.s.web.servlet.DispatcherServlet        : Completed initialization in 19 ms
2018-11-09 11:49:13.644 ERROR 4472 --- [restartedMain] o.s.b.c.l.LoggingApplicationListener     : Cannot set level: DEBUG  for 'com.v11j.shapeManager.dao'
2018-11-09 11:49:13.650 DEBUG 4472 --- [restartedMain] .c.l.ClasspathLoggingApplicationListener : Application started with classpath: [file:/E:/IdeaProjects/lombokdemo/target/classes/]
2018-11-09 11:49:14.014  INFO 4472 --- [restartedMain] c.e.lombokdemo.LombokdemoApplication     : Starting LombokdemoApplication on liudong-test003 with PID 4472 (E:\IdeaProjects\lombokdemo\target\classes started by Administrator in E:\IdeaProjects\lombokdemo)
2018-11-09 11:49:14.015  INFO 4472 --- [restartedMain] c.e.lombokdemo.LombokdemoApplication     : No active profile set, falling back to default profiles: default
2018-11-09 11:49:14.016 DEBUG 4472 --- [restartedMain] o.s.boot.SpringApplication               : Loading source class com.example.lombokdemo.LombokdemoApplication
2018-11-09 11:49:14.199 DEBUG 4472 --- [restartedMain] o.s.b.c.c.ConfigFileApplicationListener  : Loaded config file 'file:/E:/IdeaProjects/lombokdemo/target/classes/application.properties' (classpath:/application.properties)
2018-11-09 11:49:14.203 DEBUG 4472 --- [restartedMain] o.s.b.devtools.restart.ChangeableUrls    : Matching URLs for reloading : [file:/E:/IdeaProjects/lombokdemo/target/classes/]
2018-11-09 11:49:14.204 DEBUG 4472 --- [restartedMain] o.s.b.d.settings.DevToolsSettings        : Included patterns for restart : []
2018-11-09 11:49:14.204 DEBUG 4472 --- [restartedMain] o.s.b.d.settings.DevToolsSettings        : Excluded patterns for restart : [/spring-boot-actuator/target/classes/, /spring-boot-devtools/target/classes/, /spring-boot/target/classes/, /spring-boot-starter-[\w-]+/, /spring-boot-autoconfigure/target/classes/, /spring-boot-starter/target/classes/]
2018-11-09 11:49:14.205  INFO 4472 --- [restartedMain] .e.DevToolsPropertyDefaultsPostProcessor : Devtools property defaults active! Set 'spring.devtools.add-properties' to 'false' to disable
2018-11-09 11:49:14.205  INFO 4472 --- [restartedMain] .e.DevToolsPropertyDefaultsPostProcessor : For additional web related logging consider setting the 'logging.level.web' property to 'DEBUG'
2018-11-09 11:49:14.205 DEBUG 4472 --- [restartedMain] ConfigServletWebServerApplicationContext : Refreshing org.springframework.boot.web.servlet.context.AnnotationConfigServletWebServerApplicationContext@358f62c
2018-11-09 11:49:14.235 DEBUG 4472 --- [restartedMain] o.s.b.f.s.DefaultListableBeanFactory     : Creating shared instance of singleton bean 'org.springframework.context.annotation.internalConfigurationAnnotationProcessor'
2018-11-09 11:49:14.257 DEBUG 4472 --- [restartedMain] o.s.b.f.s.DefaultListableBeanFactory     : Creating shared instance of singleton bean 'org.springframework.boot.autoconfigure.internalCachingMetadataReaderFactory'
2018-11-09 11:49:14.387 DEBUG 4472 --- [restartedMain] o.s.c.a.ClassPathBeanDefinitionScanner   : Identified candidate component class: file [E:\IdeaProjects\lombokdemo\target\classes\com\example\lombokdemo\controller\CategoryController.class]
2018-11-09 11:49:14.390 DEBUG 4472 --- [restartedMain] o.s.c.a.ClassPathBeanDefinitionScanner   : Identified candidate component class: file [E:\IdeaProjects\lombokdemo\target\classes\com\example\lombokdemo\controller\ProductController.class]
2018-11-09 11:49:14.395 DEBUG 4472 --- [restartedMain] o.s.c.a.ClassPathBeanDefinitionScanner   : Identified candidate component class: file [E:\IdeaProjects\lombokdemo\target\classes\com\example\lombokdemo\service\ProductService.class]
2018-11-09 11:49:14.397 DEBUG 4472 --- [restartedMain] o.s.c.a.ClassPathBeanDefinitionScanner   : Identified candidate component class: file [E:\IdeaProjects\lombokdemo\target\classes\com\example\lombokdemo\service\serviceImpl\CategoryServiceImpl.class]
2018-11-09 11:49:14.749 DEBUG 4472 --- [restartedMain] o.s.c.e.PropertySourcesPropertyResolver  : Found key 'spring.template.provider.cache' in PropertySource 'configurationProperties' with value of type String
2018-11-09 11:49:14.907 DEBUG 4472 --- [restartedMain] o.s.c.e.PropertySourcesPropertyResolver  : Found key 'spring.application.admin.enabled' in PropertySource 'configurationProperties' with value of type String
2018-11-09 11:49:15.192 DEBUG 4472 --- [restartedMain] o.s.b.f.s.DefaultListableBeanFactory     : Creating shared instance of singleton bean 'org.springframework.boot.autoconfigure.condition.BeanTypeRegistry'
2018-11-09 11:49:15.279 DEBUG 4472 --- [restartedMain] o.s.c.e.PropertySourcesPropertyResolver  : Found key 'spring.template.provider.cache' in PropertySource 'configurationProperties' with value of type String
2018-11-09 11:49:15.402 DEBUG 4472 --- [restartedMain] o.s.c.e.PropertySourcesPropertyResolver  : Found key 'spring.application.admin.enabled' in PropertySource 'configurationProperties' with value of type String
2018-11-09 11:49:15.472  INFO 4472 --- [restartedMain] .s.d.r.c.RepositoryConfigurationDelegate : Bootstrapping Spring Data repositories in DEFAULT mode.
2018-11-09 11:49:15.484 DEBUG 4472 --- [restartedMain] o.s.b.f.s.DefaultListableBeanFactory     : Creating shared instance of singleton bean 'org.springframework.boot.autoconfigure.AutoConfigurationPackages'
2018-11-09 11:49:15.496 DEBUG 4472 --- [restartedMain] o.s.b.a.AutoConfigurationPackages        : @EnableAutoConfiguration was declared on a class in the package 'com.example.lombokdemo'. Automatic @Repository and @Entity scanning is enabled.
2018-11-09 11:49:15.500 DEBUG 4472 --- [restartedMain] .s.d.r.c.RepositoryConfigurationDelegate : Scanning for repositories in packages com.example.lombokdemo.
2018-11-09 11:49:15.517  INFO 4472 --- [restartedMain] .s.d.r.c.RepositoryConfigurationDelegate : Finished Spring Data repository scanning in 16ms. Found 0 repository interfaces.
2018-11-09 11:49:15.935 DEBUG 4472 --- [restartedMain] o.s.b.f.s.DefaultListableBeanFactory     : Creating shared instance of singleton bean 'propertySourcesPlaceholderConfigurer'
2018-11-09 11:49:15.944 DEBUG 4472 --- [restartedMain] o.s.b.f.s.DefaultListableBeanFactory     : Creating shared instance of singleton bean 'emBeanDefinitionRegistrarPostProcessor'
2018-11-09 11:49:15.951 DEBUG 4472 --- [restartedMain] o.s.b.f.s.DefaultListableBeanFactory     : Creating shared instance of singleton bean 'org.springframework.context.event.internalEventListenerProcessor'
2018-11-09 11:49:15.953 DEBUG 4472 --- [restartedMain] o.s.b.f.s.DefaultListableBeanFactory     : Creating shared instance of singleton bean 'org.springframework.boot.context.properties.ConfigurationBeanFactoryMetadata'
2018-11-09 11:49:15.953 DEBUG 4472 --- [restartedMain] o.s.b.f.s.DefaultListableBeanFactory     : Creating shared instance of singleton bean 'preserveErrorControllerTargetClassPostProcessor'
2018-11-09 11:49:15.954 DEBUG 4472 --- [restartedMain] o.s.b.f.s.DefaultListableBeanFactory     : Creating shared instance of singleton bean 'org.springframework.boot.autoconfigure.cache.CacheAutoConfiguration$CacheManagerJpaDependencyConfiguration'
2018-11-09 11:49:15.954 DEBUG 4472 --- [restartedMain] o.s.b.f.s.DefaultListableBeanFactory     : Creating shared instance of singleton bean 'org.springframework.boot.devtools.autoconfigure.DevToolsDataSourceAutoConfiguration$DatabaseShutdownExecutorJpaDependencyConfiguration'
2018-11-09 11:49:15.957 DEBUG 4472 --- [restartedMain] o.s.b.f.s.DefaultListableBeanFactory     : Creating shared instance of singleton bean 'org.springframework.context.event.internalEventListenerFactory'
2018-11-09 11:49:15.957 DEBUG 4472 --- [restartedMain] o.s.b.f.s.DefaultListableBeanFactory     : Creating shared instance of singleton bean 'org.springframework.transaction.config.internalTransactionalEventListenerFactory'
2018-11-09 11:49:15.970 DEBUG 4472 --- [restartedMain] o.s.b.f.s.DefaultListableBeanFactory     : Creating shared instance of singleton bean 'org.springframework.context.annotation.internalAutowiredAnnotationProcessor'
2018-11-09 11:49:15.972 DEBUG 4472 --- [restartedMain] o.s.b.f.s.DefaultListableBeanFactory     : Creating shared instance of singleton bean 'org.springframework.context.annotation.internalCommonAnnotationProcessor'
2018-11-09 11:49:15.976 DEBUG 4472 --- [restartedMain] o.s.b.f.s.DefaultListableBeanFactory     : Creating shared instance of singleton bean 'org.springframework.context.annotation.internalPersistenceAnnotationProcessor'
2018-11-09 11:49:15.976 DEBUG 4472 --- [restartedMain] o.s.b.f.s.DefaultListableBeanFactory     : Creating shared instance of singleton bean 'org.springframework.boot.context.properties.ConfigurationPropertiesBindingPostProcessor'
2018-11-09 11:49:15.981 DEBUG 4472 --- [restartedMain] o.s.b.f.s.DefaultListableBeanFactory     : Creating shared instance of singleton bean 'org.springframework.aop.config.internalAutoProxyCreator'
2018-11-09 11:49:16.040 DEBUG 4472 --- [restartedMain] o.s.b.f.s.DefaultListableBeanFactory     : Creating shared instance of singleton bean 'methodValidationPostProcessor'
2018-11-09 11:49:16.062 DEBUG 4472 --- [restartedMain] o.s.b.f.s.DefaultListableBeanFactory     : Autowiring by type from bean name 'methodValidationPostProcessor' via factory method to bean named 'environment'
2018-11-09 11:49:16.070 DEBUG 4472 --- [restartedMain] o.s.b.f.s.DefaultListableBeanFactory     : Creating shared instance of singleton bean 'dataSourceInitializerPostProcessor'
2018-11-09 11:49:16.074 DEBUG 4472 --- [restartedMain] o.s.b.f.s.DefaultListableBeanFactory     : Creating shared instance of singleton bean 'persistenceExceptionTranslationPostProcessor'
2018-11-09 11:49:16.076 DEBUG 4472 --- [restartedMain] o.s.b.f.s.DefaultListableBeanFactory     : Autowiring by type from bean name 'persistenceExceptionTranslationPostProcessor' via factory method to bean named 'environment'
2018-11-09 11:49:16.079 DEBUG 4472 --- [restartedMain] o.s.b.f.s.DefaultListableBeanFactory     : Creating shared instance of singleton bean 'webServerFactoryCustomizerBeanPostProcessor'
2018-11-09 11:49:16.080 DEBUG 4472 --- [restartedMain] o.s.b.f.s.DefaultListableBeanFactory     : Creating shared instance of singleton bean 'errorPageRegistrarBeanPostProcessor'
2018-11-09 11:49:16.081 DEBUG 4472 --- [restartedMain] o.s.b.f.s.DefaultListableBeanFactory     : Creating shared instance of singleton bean 'dataSourceInitializedPublisher'
2018-11-09 11:49:16.083 DEBUG 4472 --- [restartedMain] o.s.b.f.s.DefaultListableBeanFactory     : Creating shared instance of singleton bean 'projectingArgumentResolverBeanPostProcessor'
2018-11-09 11:49:16.084 DEBUG 4472 --- [restartedMain] o.s.b.f.s.DefaultListableBeanFactory     : Creating shared instance of singleton bean 'org.springframework.cache.config.internalCacheAdvisor'
2018-11-09 11:49:16.085 DEBUG 4472 --- [restartedMain] o.s.b.f.s.DefaultListableBeanFactory     : Creating shared instance of singleton bean 'org.springframework.cache.annotation.ProxyCachingConfiguration'
2018-11-09 11:49:16.087 DEBUG 4472 --- [restartedMain] o.s.b.f.s.DefaultListableBeanFactory     : Creating shared instance of singleton bean 'org.springframework.transaction.config.internalTransactionAdvisor'
2018-11-09 11:49:16.087 DEBUG 4472 --- [restartedMain] o.s.b.f.s.DefaultListableBeanFactory     : Creating shared instance of singleton bean 'org.springframework.transaction.annotation.ProxyTransactionManagementConfiguration'
2018-11-09 11:49:16.141  INFO 4472 --- [restartedMain] trationDelegate$BeanPostProcessorChecker : Bean 'org.springframework.transaction.annotation.ProxyTransactionManagementConfiguration' of type [org.springframework.transaction.annotation.ProxyTransactionManagementConfiguration$$EnhancerBySpringCGLIB$$b8e4141b] is not eligible for getting processed by all BeanPostProcessors (for example: not eligible for auto-proxying)
2018-11-09 11:49:16.164 DEBUG 4472 --- [restartedMain] o.s.b.f.s.DefaultListableBeanFactory     : Creating shared instance of singleton bean 'transactionAttributeSource'
2018-11-09 11:49:16.241 DEBUG 4472 --- [restartedMain] o.s.b.f.s.DefaultListableBeanFactory     : Creating shared instance of singleton bean 'transactionInterceptor'
2018-11-09 11:49:16.286 DEBUG 4472 --- [restartedMain] o.s.b.f.s.DefaultListableBeanFactory     : Creating shared instance of singleton bean 'cacheOperationSource'
2018-11-09 11:49:16.293 DEBUG 4472 --- [restartedMain] o.s.b.f.s.DefaultListableBeanFactory     : Creating shared instance of singleton bean 'cacheInterceptor'
2018-11-09 11:49:16.327 DEBUG 4472 --- [restartedMain] o.s.u.c.s.UiApplicationContextUtils      : Unable to locate ThemeSource with name 'themeSource': using default [org.springframework.ui.context.support.ResourceBundleThemeSource@a5ff8a6]
2018-11-09 11:49:16.329 DEBUG 4472 --- [restartedMain] o.s.b.f.s.DefaultListableBeanFactory     : Creating shared instance of singleton bean 'tomcatServletWebServerFactory'
2018-11-09 11:49:16.330 DEBUG 4472 --- [restartedMain] o.s.b.f.s.DefaultListableBeanFactory     : Creating shared instance of singleton bean 'org.springframework.boot.autoconfigure.web.servlet.ServletWebServerFactoryConfiguration$EmbeddedTomcat'
2018-11-09 11:49:16.376 DEBUG 4472 --- [restartedMain] o.s.b.f.s.DefaultListableBeanFactory     : Creating shared instance of singleton bean 'websocketServletWebServerCustomizer'
2018-11-09 11:49:16.377 DEBUG 4472 --- [restartedMain] o.s.b.f.s.DefaultListableBeanFactory     : Creating shared instance of singleton bean 'org.springframework.boot.autoconfigure.websocket.servlet.WebSocketServletAutoConfiguration$TomcatWebSocketConfiguration'
2018-11-09 11:49:16.389 DEBUG 4472 --- [restartedMain] o.s.b.f.s.DefaultListableBeanFactory     : Creating shared instance of singleton bean 'servletWebServerFactoryCustomizer'
2018-11-09 11:49:16.390 DEBUG 4472 --- [restartedMain] o.s.b.f.s.DefaultListableBeanFactory     : Creating shared instance of singleton bean 'org.springframework.boot.autoconfigure.web.servlet.ServletWebServerFactoryAutoConfiguration'
2018-11-09 11:49:16.394 DEBUG 4472 --- [restartedMain] o.s.b.f.s.DefaultListableBeanFactory     : Creating shared instance of singleton bean 'server-org.springframework.boot.autoconfigure.web.ServerProperties'
2018-11-09 11:49:16.453 DEBUG 4472 --- [restartedMain] o.s.b.f.s.DefaultListableBeanFactory     : Autowiring by type from bean name 'servletWebServerFactoryCustomizer' via factory method to bean named 'server-org.springframework.boot.autoconfigure.web.ServerProperties'
2018-11-09 11:49:16.459 DEBUG 4472 --- [restartedMain] o.s.b.f.s.DefaultListableBeanFactory     : Creating shared instance of singleton bean 'tomcatServletWebServerFactoryCustomizer'
2018-11-09 11:49:16.461 DEBUG 4472 --- [restartedMain] o.s.b.f.s.DefaultListableBeanFactory     : Autowiring by type from bean name 'tomcatServletWebServerFactoryCustomizer' via factory method to bean named 'server-org.springframework.boot.autoconfigure.web.ServerProperties'
2018-11-09 11:49:16.464 DEBUG 4472 --- [restartedMain] o.s.b.f.s.DefaultListableBeanFactory     : Creating shared instance of singleton bean 'tomcatWebServerFactoryCustomizer'
2018-11-09 11:49:16.465 DEBUG 4472 --- [restartedMain] o.s.b.f.s.DefaultListableBeanFactory     : Creating shared instance of singleton bean 'org.springframework.boot.autoconfigure.web.embedded.EmbeddedWebServerFactoryCustomizerAutoConfiguration$TomcatWebServerFactoryCustomizerConfiguration'
2018-11-09 11:49:16.470 DEBUG 4472 --- [restartedMain] o.s.b.f.s.DefaultListableBeanFactory     : Autowiring by type from bean name 'tomcatWebServerFactoryCustomizer' via factory method to bean named 'environment'
2018-11-09 11:49:16.471 DEBUG 4472 --- [restartedMain] o.s.b.f.s.DefaultListableBeanFactory     : Autowiring by type from bean name 'tomcatWebServerFactoryCustomizer' via factory method to bean named 'server-org.springframework.boot.autoconfigure.web.ServerProperties'
2018-11-09 11:49:16.479 DEBUG 4472 --- [restartedMain] o.s.b.f.s.DefaultListableBeanFactory     : Creating shared instance of singleton bean 'localeCharsetMappingsCustomizer'
2018-11-09 11:49:16.479 DEBUG 4472 --- [restartedMain] o.s.b.f.s.DefaultListableBeanFactory     : Creating shared instance of singleton bean 'org.springframework.boot.autoconfigure.web.servlet.HttpEncodingAutoConfiguration'
2018-11-09 11:49:16.480 DEBUG 4472 --- [restartedMain] ocalVariableTableParameterNameDiscoverer : Cannot find '.class' file for class [class org.springframework.boot.autoconfigure.web.servlet.HttpEncodingAutoConfiguration$$EnhancerBySpringCGLIB$$8c38cabd] - unable to determine constructor/method parameter names
2018-11-09 11:49:16.483 DEBUG 4472 --- [restartedMain] o.s.b.f.s.DefaultListableBeanFactory     : Creating shared instance of singleton bean 'spring.http-org.springframework.boot.autoconfigure.http.HttpProperties'
2018-11-09 11:49:16.486 DEBUG 4472 --- [restartedMain] o.s.b.f.s.DefaultListableBeanFactory     : Autowiring by type from bean name 'org.springframework.boot.autoconfigure.web.servlet.HttpEncodingAutoConfiguration' via constructor to bean named 'spring.http-org.springframework.boot.autoconfigure.http.HttpProperties'
2018-11-09 11:49:16.540 DEBUG 4472 --- [restartedMain] o.s.b.f.s.DefaultListableBeanFactory     : Creating shared instance of singleton bean 'errorPageCustomizer'
2018-11-09 11:49:16.540 DEBUG 4472 --- [restartedMain] o.s.b.f.s.DefaultListableBeanFactory     : Creating shared instance of singleton bean 'org.springframework.boot.autoconfigure.web.servlet.error.ErrorMvcAutoConfiguration'
2018-11-09 11:49:16.541 DEBUG 4472 --- [restartedMain] ocalVariableTableParameterNameDiscoverer : Cannot find '.class' file for class [class org.springframework.boot.autoconfigure.web.servlet.error.ErrorMvcAutoConfiguration$$EnhancerBySpringCGLIB$$e49019a0] - unable to determine constructor/method parameter names
2018-11-09 11:49:16.543 DEBUG 4472 --- [restartedMain] o.s.b.f.s.DefaultListableBeanFactory     : Creating shared instance of singleton bean 'dispatcherServletRegistration'
2018-11-09 11:49:16.544 DEBUG 4472 --- [restartedMain] o.s.b.f.s.DefaultListableBeanFactory     : Creating shared instance of singleton bean 'org.springframework.boot.autoconfigure.web.servlet.DispatcherServletAutoConfiguration$DispatcherServletRegistrationConfiguration'
2018-11-09 11:49:16.545 DEBUG 4472 --- [restartedMain] ocalVariableTableParameterNameDiscoverer : Cannot find '.class' file for class [class org.springframework.boot.autoconfigure.web.servlet.DispatcherServletAutoConfiguration$DispatcherServletRegistrationConfiguration$$EnhancerBySpringCGLIB$$6aeb388b] - unable to determine constructor/method parameter names
2018-11-09 11:49:16.546 DEBUG 4472 --- [restartedMain] o.s.b.f.s.DefaultListableBeanFactory     : Creating shared instance of singleton bean 'spring.mvc-org.springframework.boot.autoconfigure.web.servlet.WebMvcProperties'
2018-11-09 11:49:16.554 DEBUG 4472 --- [restartedMain] o.s.b.f.s.DefaultListableBeanFactory     : Autowiring by type from bean name 'org.springframework.boot.autoconfigure.web.servlet.DispatcherServletAutoConfiguration$DispatcherServletRegistrationConfiguration' via constructor to bean named 'spring.mvc-org.springframework.boot.autoconfigure.web.servlet.WebMvcProperties'
2018-11-09 11:49:16.556 DEBUG 4472 --- [restartedMain] o.s.b.f.s.DefaultListableBeanFactory     : Creating shared instance of singleton bean 'multipartConfigElement'
2018-11-09 11:49:16.556 DEBUG 4472 --- [restartedMain] o.s.b.f.s.DefaultListableBeanFactory     : Creating shared instance of singleton bean 'org.springframework.boot.autoconfigure.web.servlet.MultipartAutoConfiguration'
2018-11-09 11:49:16.557 DEBUG 4472 --- [restartedMain] ocalVariableTableParameterNameDiscoverer : Cannot find '.class' file for class [class org.springframework.boot.autoconfigure.web.servlet.MultipartAutoConfiguration$$EnhancerBySpringCGLIB$$fb2952ca] - unable to determine constructor/method parameter names
2018-11-09 11:49:16.558 DEBUG 4472 --- [restartedMain] o.s.b.f.s.DefaultListableBeanFactory     : Creating shared instance of singleton bean 'spring.servlet.multipart-org.springframework.boot.autoconfigure.web.servlet.MultipartProperties'
2018-11-09 11:49:16.568 DEBUG 4472 --- [restartedMain] o.s.b.f.s.DefaultListableBeanFactory     : Autowiring by type from bean name 'org.springframework.boot.autoconfigure.web.servlet.MultipartAutoConfiguration' via constructor to bean named 'spring.servlet.multipart-org.springframework.boot.autoconfigure.web.servlet.MultipartProperties'
2018-11-09 11:49:16.579 DEBUG 4472 --- [restartedMain] o.s.b.f.s.DefaultListableBeanFactory     : Creating shared instance of singleton bean 'dispatcherServlet'
2018-11-09 11:49:16.579 DEBUG 4472 --- [restartedMain] o.s.b.f.s.DefaultListableBeanFactory     : Creating shared instance of singleton bean 'org.springframework.boot.autoconfigure.web.servlet.DispatcherServletAutoConfiguration$DispatcherServletConfiguration'
2018-11-09 11:49:16.580 DEBUG 4472 --- [restartedMain] ocalVariableTableParameterNameDiscoverer : Cannot find '.class' file for class [class org.springframework.boot.autoconfigure.web.servlet.DispatcherServletAutoConfiguration$DispatcherServletConfiguration$$EnhancerBySpringCGLIB$$8e3a3e4] - unable to determine constructor/method parameter names
2018-11-09 11:49:16.583 DEBUG 4472 --- [restartedMain] o.s.b.f.s.DefaultListableBeanFactory     : Autowiring by type from bean name 'org.springframework.boot.autoconfigure.web.servlet.DispatcherServletAutoConfiguration$DispatcherServletConfiguration' via constructor to bean named 'spring.http-org.springframework.boot.autoconfigure.http.HttpProperties'
2018-11-09 11:49:16.583 DEBUG 4472 --- [restartedMain] o.s.b.f.s.DefaultListableBeanFactory     : Autowiring by type from bean name 'org.springframework.boot.autoconfigure.web.servlet.DispatcherServletAutoConfiguration$DispatcherServletConfiguration' via constructor to bean named 'spring.mvc-org.springframework.boot.autoconfigure.web.servlet.WebMvcProperties'
2018-11-09 11:49:16.619 DEBUG 4472 --- [restartedMain] o.s.b.f.s.DefaultListableBeanFactory     : Autowiring by type from bean name 'dispatcherServletRegistration' via factory method to bean named 'dispatcherServlet'
2018-11-09 11:49:16.631 DEBUG 4472 --- [restartedMain] o.s.b.f.s.DefaultListableBeanFactory     : Autowiring by type from bean name 'org.springframework.boot.autoconfigure.web.servlet.error.ErrorMvcAutoConfiguration' via constructor to bean named 'server-org.springframework.boot.autoconfigure.web.ServerProperties'
2018-11-09 11:49:16.631 DEBUG 4472 --- [restartedMain] o.s.b.f.s.DefaultListableBeanFactory     : Autowiring by type from bean name 'org.springframework.boot.autoconfigure.web.servlet.error.ErrorMvcAutoConfiguration' via constructor to bean named 'dispatcherServletRegistration'
2018-11-09 11:49:16.633 DEBUG 4472 --- [restartedMain] o.s.b.f.s.DefaultListableBeanFactory     : Creating shared instance of singleton bean 'conventionErrorViewResolver'
2018-11-09 11:49:16.634 DEBUG 4472 --- [restartedMain] o.s.b.f.s.DefaultListableBeanFactory     : Creating shared instance of singleton bean 'org.springframework.boot.autoconfigure.web.servlet.error.ErrorMvcAutoConfiguration$DefaultErrorViewResolverConfiguration'
2018-11-09 11:49:16.634 DEBUG 4472 --- [restartedMain] ocalVariableTableParameterNameDiscoverer : Cannot find '.class' file for class [class org.springframework.boot.autoconfigure.web.servlet.error.ErrorMvcAutoConfiguration$DefaultErrorViewResolverConfiguration$$EnhancerBySpringCGLIB$$f924ee40] - unable to determine constructor/method parameter names
2018-11-09 11:49:16.639 DEBUG 4472 --- [restartedMain] o.s.b.f.s.DefaultListableBeanFactory     : Creating shared instance of singleton bean 'spring.resources-org.springframework.boot.autoconfigure.web.ResourceProperties'
2018-11-09 11:49:16.658 DEBUG 4472 --- [restartedMain] o.s.b.f.s.DefaultListableBeanFactory     : Autowiring by type from bean name 'org.springframework.boot.autoconfigure.web.servlet.error.ErrorMvcAutoConfiguration$DefaultErrorViewResolverConfiguration' via constructor to bean named 'org.springframework.boot.web.servlet.context.AnnotationConfigServletWebServerApplicationContext@358f62c'
2018-11-09 11:49:16.658 DEBUG 4472 --- [restartedMain] o.s.b.f.s.DefaultListableBeanFactory     : Autowiring by type from bean name 'org.springframework.boot.autoconfigure.web.servlet.error.ErrorMvcAutoConfiguration$DefaultErrorViewResolverConfiguration' via constructor to bean named 'spring.resources-org.springframework.boot.autoconfigure.web.ResourceProperties'
2018-11-09 11:49:16.897 DEBUG 4472 --- [restartedMain] .s.b.w.e.t.TomcatServletWebServerFactory : Code archive: D:\LocalRepository\org\springframework\boot\spring-boot\2.1.0.RELEASE\spring-boot-2.1.0.RELEASE.jar
2018-11-09 11:49:16.898 DEBUG 4472 --- [restartedMain] .s.b.w.e.t.TomcatServletWebServerFactory : Code archive: D:\LocalRepository\org\springframework\boot\spring-boot\2.1.0.RELEASE\spring-boot-2.1.0.RELEASE.jar
2018-11-09 11:49:16.899 DEBUG 4472 --- [restartedMain] .s.b.w.e.t.TomcatServletWebServerFactory : None of the document roots [src/main/webapp, public, static] point to a directory and will be ignored.
2018-11-09 11:49:17.128  INFO 4472 --- [restartedMain] o.s.b.w.embedded.tomcat.TomcatWebServer  : Tomcat initialized with port(s): 8080 (http)
2018-11-09 11:49:17.164  INFO 4472 --- [restartedMain] o.apache.catalina.core.StandardService   : Starting service [Tomcat]
2018-11-09 11:49:17.164  INFO 4472 --- [restartedMain] org.apache.catalina.core.StandardEngine  : Starting Servlet Engine: Apache Tomcat/9.0.12
2018-11-09 11:49:17.176  INFO 4472 --- [restartedMain] o.a.catalina.core.AprLifecycleListener   : The APR based Apache Tomcat Native library which allows optimal performance in production environments was not found on the java.library.path: [C:\Program Files\Java\jdk1.8.0_171\bin;C:\Windows\Sun\Java\bin;C:\Windows\system32;C:\Windows;D:\Program Files\Python37\Scripts\;D:\Program Files\Python37\;D:\MyDownloads\apache-maven-3.5.4-bin\apache-maven-3.5.4\bin;C:\Program Files\Java\jdk1.8.0_171\bin;C:\Program Files (x86)\Common Files\Oracle\Java\javapath;C:\Windows\system32;C:\Windows;C:\Windows\System32\Wbem;C:\Windows\System32\WindowsPowerShell\v1.0\;D:\MyDownloads\zookeeper-3.4.10\bin;C:\Program Files\nodejs\;C:\Program Files\Git\cmd;E:\Program Files\TortoiseGit\bin;D:\MyDownloads\mysql-5.7.24-winx64\bin;C:\Users\Administrator\AppData\Roaming\npm;D:\Program Files\Microsoft VS Code\bin;.]
2018-11-09 11:49:17.529  INFO 4472 --- [restartedMain] o.a.c.c.C.[Tomcat].[localhost].[/]       : Initializing Spring embedded WebApplicationContext
2018-11-09 11:49:17.530 DEBUG 4472 --- [restartedMain] o.s.web.context.ContextLoader            : Published root WebApplicationContext as ServletContext attribute with name [org.springframework.web.context.WebApplicationContext.ROOT]
2018-11-09 11:49:17.530  INFO 4472 --- [restartedMain] o.s.web.context.ContextLoader            : Root WebApplicationContext: initialization completed in 3325 ms
2018-11-09 11:49:17.544 DEBUG 4472 --- [restartedMain] o.s.b.w.s.ServletContextInitializerBeans : Added existing Servlet initializer bean 'dispatcherServletRegistration'; order=2147483647, resource=class path resource [org/springframework/boot/autoconfigure/web/servlet/DispatcherServletAutoConfiguration$DispatcherServletRegistrationConfiguration.class]
2018-11-09 11:49:17.549 DEBUG 4472 --- [restartedMain] o.s.b.f.s.DefaultListableBeanFactory     : Creating shared instance of singleton bean 'requestContextFilter'
2018-11-09 11:49:17.555 DEBUG 4472 --- [restartedMain] o.s.b.f.s.DefaultListableBeanFactory     : Creating shared instance of singleton bean 'hiddenHttpMethodFilter'
2018-11-09 11:49:17.556 DEBUG 4472 --- [restartedMain] o.s.b.f.s.DefaultListableBeanFactory     : Creating shared instance of singleton bean 'org.springframework.boot.autoconfigure.web.servlet.WebMvcAutoConfiguration'
2018-11-09 11:49:17.564 DEBUG 4472 --- [restartedMain] o.s.b.f.s.DefaultListableBeanFactory     : Creating shared instance of singleton bean 'formContentFilter'
2018-11-09 11:49:17.571 DEBUG 4472 --- [restartedMain] o.s.b.f.s.DefaultListableBeanFactory     : Creating shared instance of singleton bean 'characterEncodingFilter'
2018-11-09 11:49:17.579 DEBUG 4472 --- [restartedMain] o.s.b.w.s.ServletContextInitializerBeans : Created Filter initializer for bean 'characterEncodingFilter'; order=-2147483648, resource=class path resource [org/springframework/boot/autoconfigure/web/servlet/HttpEncodingAutoConfiguration.class]
2018-11-09 11:49:17.579 DEBUG 4472 --- [restartedMain] o.s.b.w.s.ServletContextInitializerBeans : Created Filter initializer for bean 'hiddenHttpMethodFilter'; order=-10000, resource=class path resource [org/springframework/boot/autoconfigure/web/servlet/WebMvcAutoConfiguration.class]
2018-11-09 11:49:17.579 DEBUG 4472 --- [restartedMain] o.s.b.w.s.ServletContextInitializerBeans : Created Filter initializer for bean 'formContentFilter'; order=-9900, resource=class path resource [org/springframework/boot/autoconfigure/web/servlet/WebMvcAutoConfiguration.class]
2018-11-09 11:49:17.579 DEBUG 4472 --- [restartedMain] o.s.b.w.s.ServletContextInitializerBeans : Created Filter initializer for bean 'requestContextFilter'; order=-105, resource=class path resource [org/springframework/boot/autoconfigure/web/servlet/WebMvcAutoConfiguration$WebMvcAutoConfigurationAdapter.class]
2018-11-09 11:49:17.589  INFO 4472 --- [restartedMain] o.s.b.w.servlet.ServletRegistrationBean  : Servlet dispatcherServlet mapped to [/]
2018-11-09 11:49:17.601  INFO 4472 --- [restartedMain] o.s.b.w.servlet.FilterRegistrationBean   : Mapping filter: 'characterEncodingFilter' to: [/*]
2018-11-09 11:49:17.601  INFO 4472 --- [restartedMain] o.s.b.w.servlet.FilterRegistrationBean   : Mapping filter: 'hiddenHttpMethodFilter' to: [/*]
2018-11-09 11:49:17.602  INFO 4472 --- [restartedMain] o.s.b.w.servlet.FilterRegistrationBean   : Mapping filter: 'formContentFilter' to: [/*]
2018-11-09 11:49:17.602  INFO 4472 --- [restartedMain] o.s.b.w.servlet.FilterRegistrationBean   : Mapping filter: 'requestContextFilter' to: [/*]
2018-11-09 11:49:17.629 DEBUG 4472 --- [restartedMain] o.s.b.w.s.f.OrderedRequestContextFilter  : Filter 'requestContextFilter' configured for use
2018-11-09 11:49:17.630 DEBUG 4472 --- [restartedMain] .s.b.w.s.f.OrderedHiddenHttpMethodFilter : Filter 'hiddenHttpMethodFilter' configured for use
2018-11-09 11:49:17.630 DEBUG 4472 --- [restartedMain] s.b.w.s.f.OrderedCharacterEncodingFilter : Filter 'characterEncodingFilter' configured for use
2018-11-09 11:49:17.630 DEBUG 4472 --- [restartedMain] o.s.b.w.s.f.OrderedFormContentFilter     : Filter 'formContentFilter' configured for use
2018-11-09 11:49:17.646 DEBUG 4472 --- [restartedMain] o.s.b.f.s.DefaultListableBeanFactory     : Creating shared instance of singleton bean 'cacheManager'
2018-11-09 11:49:17.647 DEBUG 4472 --- [restartedMain] o.s.b.f.s.DefaultListableBeanFactory     : Creating shared instance of singleton bean 'org.springframework.boot.autoconfigure.cache.SimpleCacheConfiguration'
2018-11-09 11:49:17.647 DEBUG 4472 --- [restartedMain] ocalVariableTableParameterNameDiscoverer : Cannot find '.class' file for class [class org.springframework.boot.autoconfigure.cache.SimpleCacheConfiguration$$EnhancerBySpringCGLIB$$980581be] - unable to determine constructor/method parameter names
2018-11-09 11:49:17.649 DEBUG 4472 --- [restartedMain] o.s.b.f.s.DefaultListableBeanFactory     : Creating shared instance of singleton bean 'spring.cache-org.springframework.boot.autoconfigure.cache.CacheProperties'
2018-11-09 11:49:17.653 DEBUG 4472 --- [restartedMain] o.s.b.f.s.DefaultListableBeanFactory     : Creating shared instance of singleton bean 'cacheManagerCustomizers'
2018-11-09 11:49:17.653 DEBUG 4472 --- [restartedMain] o.s.b.f.s.DefaultListableBeanFactory     : Creating shared instance of singleton bean 'org.springframework.boot.autoconfigure.cache.CacheAutoConfiguration'
2018-11-09 11:49:17.662 DEBUG 4472 --- [restartedMain] o.s.b.f.s.DefaultListableBeanFactory     : Autowiring by type from bean name 'org.springframework.boot.autoconfigure.cache.SimpleCacheConfiguration' via constructor to bean named 'spring.cache-org.springframework.boot.autoconfigure.cache.CacheProperties'
2018-11-09 11:49:17.663 DEBUG 4472 --- [restartedMain] o.s.b.f.s.DefaultListableBeanFactory     : Autowiring by type from bean name 'org.springframework.boot.autoconfigure.cache.SimpleCacheConfiguration' via constructor to bean named 'cacheManagerCustomizers'
2018-11-09 11:49:17.671 DEBUG 4472 --- [restartedMain] o.s.b.f.s.DefaultListableBeanFactory     : Creating shared instance of singleton bean 'inMemoryDatabaseShutdownExecutor'
2018-11-09 11:49:17.672 DEBUG 4472 --- [restartedMain] o.s.b.f.s.DefaultListableBeanFactory     : Creating shared instance of singleton bean 'org.springframework.boot.devtools.autoconfigure.DevToolsDataSourceAutoConfiguration'
2018-11-09 11:49:17.675 DEBUG 4472 --- [restartedMain] o.s.b.f.s.DefaultListableBeanFactory     : Creating shared instance of singleton bean 'dataSource'
2018-11-09 11:49:17.676 DEBUG 4472 --- [restartedMain] o.s.b.f.s.DefaultListableBeanFactory     : Creating shared instance of singleton bean 'org.springframework.boot.autoconfigure.jdbc.DataSourceConfiguration$Hikari'
2018-11-09 11:49:17.678 DEBUG 4472 --- [restartedMain] o.s.b.f.s.DefaultListableBeanFactory     : Creating shared instance of singleton bean 'spring.datasource-org.springframework.boot.autoconfigure.jdbc.DataSourceProperties'
2018-11-09 11:49:17.692 DEBUG 4472 --- [restartedMain] o.s.b.f.s.DefaultListableBeanFactory     : Autowiring by type from bean name 'dataSource' via factory method to bean named 'spring.datasource-org.springframework.boot.autoconfigure.jdbc.DataSourceProperties'
2018-11-09 11:49:17.735 DEBUG 4472 --- [restartedMain] o.s.b.f.s.DefaultListableBeanFactory     : Creating shared instance of singleton bean 'org.springframework.boot.autoconfigure.jdbc.DataSourceInitializerInvoker'
2018-11-09 11:49:17.740 DEBUG 4472 --- [restartedMain] o.s.b.f.s.DefaultListableBeanFactory     : Autowiring by type from bean name 'org.springframework.boot.autoconfigure.jdbc.DataSourceInitializerInvoker' via constructor to bean named 'spring.datasource-org.springframework.boot.autoconfigure.jdbc.DataSourceProperties'
2018-11-09 11:49:17.740 DEBUG 4472 --- [restartedMain] o.s.b.f.s.DefaultListableBeanFactory     : Autowiring by type from bean name 'org.springframework.boot.autoconfigure.jdbc.DataSourceInitializerInvoker' via constructor to bean named 'org.springframework.boot.web.servlet.context.AnnotationConfigServletWebServerApplicationContext@358f62c'
2018-11-09 11:49:17.748 DEBUG 4472 --- [restartedMain] o.s.b.f.s.DefaultListableBeanFactory     : Autowiring by type from bean name 'inMemoryDatabaseShutdownExecutor' via factory method to bean named 'dataSource'
2018-11-09 11:49:17.748 DEBUG 4472 --- [restartedMain] o.s.b.f.s.DefaultListableBeanFactory     : Autowiring by type from bean name 'inMemoryDatabaseShutdownExecutor' via factory method to bean named 'spring.datasource-org.springframework.boot.autoconfigure.jdbc.DataSourceProperties'
2018-11-09 11:49:17.751 DEBUG 4472 --- [restartedMain] o.s.b.f.s.DefaultListableBeanFactory     : Creating shared instance of singleton bean 'entityManagerFactory'
2018-11-09 11:49:17.752 DEBUG 4472 --- [restartedMain] o.s.b.f.s.DefaultListableBeanFactory     : Creating shared instance of singleton bean 'org.springframework.boot.autoconfigure.orm.jpa.HibernateJpaConfiguration'
2018-11-09 11:49:17.753 DEBUG 4472 --- [restartedMain] ocalVariableTableParameterNameDiscoverer : Cannot find '.class' file for class [class org.springframework.boot.autoconfigure.orm.jpa.HibernateJpaConfiguration$$EnhancerBySpringCGLIB$$d7bad68a] - unable to determine constructor/method parameter names
2018-11-09 11:49:17.758 DEBUG 4472 --- [restartedMain] o.s.b.f.s.DefaultListableBeanFactory     : Creating shared instance of singleton bean 'spring.jpa-org.springframework.boot.autoconfigure.orm.jpa.JpaProperties'
2018-11-09 11:49:17.764 DEBUG 4472 --- [restartedMain] o.s.b.f.s.DefaultListableBeanFactory     : Creating shared instance of singleton bean 'spring.jpa.hibernate-org.springframework.boot.autoconfigure.orm.jpa.HibernateProperties'
2018-11-09 11:49:17.767 DEBUG 4472 --- [restartedMain] o.s.b.f.s.DefaultListableBeanFactory     : Autowiring by type from bean name 'org.springframework.boot.autoconfigure.orm.jpa.HibernateJpaConfiguration' via constructor to bean named 'dataSource'
2018-11-09 11:49:17.767 DEBUG 4472 --- [restartedMain] o.s.b.f.s.DefaultListableBeanFactory     : Autowiring by type from bean name 'org.springframework.boot.autoconfigure.orm.jpa.HibernateJpaConfiguration' via constructor to bean named 'spring.jpa-org.springframework.boot.autoconfigure.orm.jpa.JpaProperties'
2018-11-09 11:49:17.767 DEBUG 4472 --- [restartedMain] o.s.b.f.s.DefaultListableBeanFactory     : Autowiring by type from bean name 'org.springframework.boot.autoconfigure.orm.jpa.HibernateJpaConfiguration' via constructor to bean named 'org.springframework.beans.factory.support.DefaultListableBeanFactory@5f658169'
2018-11-09 11:49:17.767 DEBUG 4472 --- [restartedMain] o.s.b.f.s.DefaultListableBeanFactory     : Autowiring by type from bean name 'org.springframework.boot.autoconfigure.orm.jpa.HibernateJpaConfiguration' via constructor to bean named 'spring.jpa.hibernate-org.springframework.boot.autoconfigure.orm.jpa.HibernateProperties'
2018-11-09 11:49:17.770 DEBUG 4472 --- [restartedMain] o.s.b.f.s.DefaultListableBeanFactory     : Creating shared instance of singleton bean 'platformTransactionManagerCustomizers'
2018-11-09 11:49:17.772 DEBUG 4472 --- [restartedMain] o.s.b.f.s.DefaultListableBeanFactory     : Creating shared instance of singleton bean 'org.springframework.boot.autoconfigure.transaction.TransactionAutoConfiguration'
2018-11-09 11:49:17.783 DEBUG 4472 --- [restartedMain] o.s.b.f.s.DefaultListableBeanFactory     : Creating shared instance of singleton bean 'spring.transaction-org.springframework.boot.autoconfigure.transaction.TransactionProperties'
2018-11-09 11:49:17.791 DEBUG 4472 --- [restartedMain] o.s.b.f.s.DefaultListableBeanFactory     : Creating shared instance of singleton bean 'hikariPoolDataSourceMetadataProvider'
2018-11-09 11:49:17.791 DEBUG 4472 --- [restartedMain] o.s.b.f.s.DefaultListableBeanFactory     : Creating shared instance of singleton bean 'org.springframework.boot.autoconfigure.jdbc.metadata.DataSourcePoolMetadataProvidersConfiguration$HikariPoolDataSourceMetadataProviderConfiguration'
2018-11-09 11:49:17.810 DEBUG 4472 --- [restartedMain] o.s.b.f.s.DefaultListableBeanFactory     : Creating shared instance of singleton bean 'entityManagerFactoryBuilder'
2018-11-09 11:49:17.812 DEBUG 4472 --- [restartedMain] o.s.b.f.s.DefaultListableBeanFactory     : Creating shared instance of singleton bean 'jpaVendorAdapter'
2018-11-09 11:49:17.866 DEBUG 4472 --- [restartedMain] o.s.jdbc.datasource.DataSourceUtils      : Fetching JDBC Connection from DataSource
2018-11-09 11:49:17.868  INFO 4472 --- [restartedMain] com.zaxxer.hikari.HikariDataSource       : HikariPool-1 - Starting...
2018-11-09 11:49:17.870  WARN 4472 --- [restartedMain] com.zaxxer.hikari.util.DriverDataSource  : Registered driver with driverClassName=com.mysql.jdbc.Driver was not found, trying direct instantiation.
2018-11-09 11:49:18.218  INFO 4472 --- [restartedMain] com.zaxxer.hikari.HikariDataSource       : HikariPool-1 - Start completed.
2018-11-09 11:49:18.224 DEBUG 4472 --- [restartedMain] o.s.jdbc.datasource.DataSourceUtils      : Returning JDBC Connection to DataSource
2018-11-09 11:49:18.240 DEBUG 4472 --- [restartedMain] o.s.b.f.s.DefaultListableBeanFactory     : Autowiring by type from bean name 'entityManagerFactoryBuilder' via factory method to bean named 'jpaVendorAdapter'
2018-11-09 11:49:18.247 DEBUG 4472 --- [restartedMain] o.s.b.f.s.DefaultListableBeanFactory     : Autowiring by type from bean name 'entityManagerFactory' via factory method to bean named 'entityManagerFactoryBuilder'
2018-11-09 11:49:18.253 DEBUG 4472 --- [restartedMain] o.s.jdbc.datasource.DataSourceUtils      : Fetching JDBC Connection from DataSource
2018-11-09 11:49:18.258 DEBUG 4472 --- [restartedMain] o.s.jdbc.datasource.DataSourceUtils      : Returning JDBC Connection to DataSource
2018-11-09 11:49:18.296 DEBUG 4472 --- [restartedMain] j.LocalContainerEntityManagerFactoryBean : Building JPA container EntityManagerFactory for persistence unit 'default'
2018-11-09 11:49:18.315  INFO 4472 --- [restartedMain] o.hibernate.jpa.internal.util.LogHelper  : HHH000204: Processing PersistenceUnitInfo [
	name: default
	...]
2018-11-09 11:49:41.719 ERROR 5992 --- [restartedMain] o.s.b.c.l.LoggingApplicationListener     : Cannot set level: DEBUG  for 'com.example.lombokdemo.mapper'
2018-11-09 11:49:41.911  INFO 5992 --- [restartedMain] c.e.lombokdemo.LombokdemoApplication     : Starting LombokdemoApplication on liudong-test003 with PID 5992 (E:\IdeaProjects\lombokdemo\target\classes started by Administrator in E:\IdeaProjects\lombokdemo)
2018-11-09 11:49:41.913  INFO 5992 --- [restartedMain] c.e.lombokdemo.LombokdemoApplication     : No active profile set, falling back to default profiles: default
2018-11-09 11:49:42.140  INFO 5992 --- [restartedMain] .e.DevToolsPropertyDefaultsPostProcessor : Devtools property defaults active! Set 'spring.devtools.add-properties' to 'false' to disable
2018-11-09 11:49:42.140  INFO 5992 --- [restartedMain] .e.DevToolsPropertyDefaultsPostProcessor : For additional web related logging consider setting the 'logging.level.web' property to 'DEBUG'
2018-11-09 11:49:43.379  INFO 5992 --- [restartedMain] .s.d.r.c.RepositoryConfigurationDelegate : Bootstrapping Spring Data repositories in DEFAULT mode.
2018-11-09 11:49:43.420  INFO 5992 --- [restartedMain] .s.d.r.c.RepositoryConfigurationDelegate : Finished Spring Data repository scanning in 27ms. Found 0 repository interfaces.
2018-11-09 11:49:44.118  INFO 5992 --- [restartedMain] trationDelegate$BeanPostProcessorChecker : Bean 'org.springframework.transaction.annotation.ProxyTransactionManagementConfiguration' of type [org.springframework.transaction.annotation.ProxyTransactionManagementConfiguration$$EnhancerBySpringCGLIB$$8d2ee0d1] is not eligible for getting processed by all BeanPostProcessors (for example: not eligible for auto-proxying)
2018-11-09 11:49:45.004  INFO 5992 --- [restartedMain] o.s.b.w.embedded.tomcat.TomcatWebServer  : Tomcat initialized with port(s): 8080 (http)
2018-11-09 11:49:45.033  INFO 5992 --- [restartedMain] o.apache.catalina.core.StandardService   : Starting service [Tomcat]
2018-11-09 11:49:45.033  INFO 5992 --- [restartedMain] org.apache.catalina.core.StandardEngine  : Starting Servlet Engine: Apache Tomcat/9.0.12
2018-11-09 11:49:45.043  INFO 5992 --- [restartedMain] o.a.catalina.core.AprLifecycleListener   : The APR based Apache Tomcat Native library which allows optimal performance in production environments was not found on the java.library.path: [C:\Program Files\Java\jdk1.8.0_171\bin;C:\Windows\Sun\Java\bin;C:\Windows\system32;C:\Windows;D:\Program Files\Python37\Scripts\;D:\Program Files\Python37\;D:\MyDownloads\apache-maven-3.5.4-bin\apache-maven-3.5.4\bin;C:\Program Files\Java\jdk1.8.0_171\bin;C:\Program Files (x86)\Common Files\Oracle\Java\javapath;C:\Windows\system32;C:\Windows;C:\Windows\System32\Wbem;C:\Windows\System32\WindowsPowerShell\v1.0\;D:\MyDownloads\zookeeper-3.4.10\bin;C:\Program Files\nodejs\;C:\Program Files\Git\cmd;E:\Program Files\TortoiseGit\bin;D:\MyDownloads\mysql-5.7.24-winx64\bin;C:\Users\Administrator\AppData\Roaming\npm;D:\Program Files\Microsoft VS Code\bin;.]
2018-11-09 11:49:45.315  INFO 5992 --- [restartedMain] o.a.c.c.C.[Tomcat].[localhost].[/]       : Initializing Spring embedded WebApplicationContext
2018-11-09 11:49:45.316  INFO 5992 --- [restartedMain] o.s.web.context.ContextLoader            : Root WebApplicationContext: initialization completed in 3175 ms
2018-11-09 11:49:45.371  INFO 5992 --- [restartedMain] o.s.b.w.servlet.ServletRegistrationBean  : Servlet dispatcherServlet mapped to [/]
2018-11-09 11:49:45.379  INFO 5992 --- [restartedMain] o.s.b.w.servlet.FilterRegistrationBean   : Mapping filter: 'characterEncodingFilter' to: [/*]
2018-11-09 11:49:45.379  INFO 5992 --- [restartedMain] o.s.b.w.servlet.FilterRegistrationBean   : Mapping filter: 'hiddenHttpMethodFilter' to: [/*]
2018-11-09 11:49:45.380  INFO 5992 --- [restartedMain] o.s.b.w.servlet.FilterRegistrationBean   : Mapping filter: 'formContentFilter' to: [/*]
2018-11-09 11:49:45.380  INFO 5992 --- [restartedMain] o.s.b.w.servlet.FilterRegistrationBean   : Mapping filter: 'requestContextFilter' to: [/*]
2018-11-09 11:49:45.633  INFO 5992 --- [restartedMain] com.zaxxer.hikari.HikariDataSource       : HikariPool-1 - Starting...
2018-11-09 11:49:45.636  WARN 5992 --- [restartedMain] com.zaxxer.hikari.util.DriverDataSource  : Registered driver with driverClassName=com.mysql.jdbc.Driver was not found, trying direct instantiation.
2018-11-09 11:49:45.995  INFO 5992 --- [restartedMain] com.zaxxer.hikari.HikariDataSource       : HikariPool-1 - Start completed.
2018-11-09 11:49:46.086  INFO 5992 --- [restartedMain] o.hibernate.jpa.internal.util.LogHelper  : HHH000204: Processing PersistenceUnitInfo [
	name: default
	...]
2018-11-09 11:49:46.198  INFO 5992 --- [restartedMain] org.hibernate.Version                    : HHH000412: Hibernate Core {5.3.7.Final}
2018-11-09 11:49:46.201  INFO 5992 --- [restartedMain] org.hibernate.cfg.Environment            : HHH000206: hibernate.properties not found
2018-11-09 11:49:46.470  INFO 5992 --- [restartedMain] o.hibernate.annotations.common.Version   : HCANN000001: Hibernate Commons Annotations {5.0.4.Final}
2018-11-09 11:49:46.703  INFO 5992 --- [restartedMain] org.hibernate.dialect.Dialect            : HHH000400: Using dialect: org.hibernate.dialect.MySQL5Dialect
2018-11-09 11:49:47.011  INFO 5992 --- [restartedMain] j.LocalContainerEntityManagerFactoryBean : Initialized JPA EntityManagerFactory for persistence unit 'default'
2018-11-09 11:49:47.751  INFO 5992 --- [restartedMain] o.s.s.concurrent.ThreadPoolTaskExecutor  : Initializing ExecutorService 'applicationTaskExecutor'
2018-11-09 11:49:47.826  WARN 5992 --- [restartedMain] aWebConfiguration$JpaWebMvcConfiguration : spring.jpa.open-in-view is enabled by default. Therefore, database queries may be performed during view rendering. Explicitly configure spring.jpa.open-in-view to disable this warning
2018-11-09 11:49:48.229  INFO 5992 --- [restartedMain] o.s.b.d.a.OptionalLiveReloadServer       : LiveReload server is running on port 35729
2018-11-09 11:49:48.348  INFO 5992 --- [restartedMain] o.s.b.w.embedded.tomcat.TomcatWebServer  : Tomcat started on port(s): 8080 (http) with context path ''
2018-11-09 11:49:48.355  INFO 5992 --- [restartedMain] c.e.lombokdemo.LombokdemoApplication     : Started LombokdemoApplication in 7.769 seconds (JVM running for 9.181)
2018-11-09 11:49:52.859  INFO 5992 --- [http-nio-8080-exec-1] o.a.c.c.C.[Tomcat].[localhost].[/]       : Initializing Spring DispatcherServlet 'dispatcherServlet'
2018-11-09 11:49:52.860  INFO 5992 --- [http-nio-8080-exec-1] o.s.web.servlet.DispatcherServlet        : Initializing Servlet 'dispatcherServlet'
2018-11-09 11:49:52.873  INFO 5992 --- [http-nio-8080-exec-1] o.s.web.servlet.DispatcherServlet        : Completed initialization in 13 ms
2018-11-09 11:55:42.008 ERROR 7912 --- [restartedMain] o.s.b.c.l.LoggingApplicationListener     : Cannot set level: DEBUG  for 'com.example.lombokdemo.mapper'
2018-11-09 11:55:42.282  INFO 7912 --- [restartedMain] c.e.lombokdemo.LombokdemoApplication     : Starting LombokdemoApplication on liudong-test003 with PID 7912 (E:\IdeaProjects\lombokdemo\target\classes started by Administrator in E:\IdeaProjects\lombokdemo)
2018-11-09 11:55:42.283  INFO 7912 --- [restartedMain] c.e.lombokdemo.LombokdemoApplication     : No active profile set, falling back to default profiles: default
2018-11-09 11:55:45.236  INFO 7912 --- [restartedMain] o.apache.catalina.core.StandardService   : Starting service [Tomcat]
2018-11-09 11:55:45.236  INFO 7912 --- [restartedMain] org.apache.catalina.core.StandardEngine  : Starting Servlet Engine: Apache Tomcat/9.0.12
2018-11-09 11:55:45.247  INFO 7912 --- [restartedMain] o.a.catalina.core.AprLifecycleListener   : The APR based Apache Tomcat Native library which allows optimal performance in production environments was not found on the java.library.path: [C:\Program Files\Java\jdk1.8.0_171\bin;C:\Windows\Sun\Java\bin;C:\Windows\system32;C:\Windows;D:\Program Files\Python37\Scripts\;D:\Program Files\Python37\;D:\MyDownloads\apache-maven-3.5.4-bin\apache-maven-3.5.4\bin;C:\Program Files\Java\jdk1.8.0_171\bin;C:\Program Files (x86)\Common Files\Oracle\Java\javapath;C:\Windows\system32;C:\Windows;C:\Windows\System32\Wbem;C:\Windows\System32\WindowsPowerShell\v1.0\;D:\MyDownloads\zookeeper-3.4.10\bin;C:\Program Files\nodejs\;C:\Program Files\Git\cmd;E:\Program Files\TortoiseGit\bin;D:\MyDownloads\mysql-5.7.24-winx64\bin;C:\Users\Administrator\AppData\Roaming\npm;D:\Program Files\Microsoft VS Code\bin;.]
2018-11-09 11:55:45.459  INFO 7912 --- [restartedMain] o.a.c.c.C.[Tomcat].[localhost].[/]       : Initializing Spring embedded WebApplicationContext
2018-11-09 11:55:45.781  INFO 7912 --- [restartedMain] com.zaxxer.hikari.HikariDataSource       : HikariPool-1 - Starting...
2018-11-09 11:55:45.784  WARN 7912 --- [restartedMain] com.zaxxer.hikari.util.DriverDataSource  : Registered driver with driverClassName=com.mysql.jdbc.Driver was not found, trying direct instantiation.
2018-11-09 11:55:46.129  INFO 7912 --- [restartedMain] com.zaxxer.hikari.HikariDataSource       : HikariPool-1 - Start completed.
2018-11-09 11:55:46.226  INFO 7912 --- [restartedMain] o.hibernate.jpa.internal.util.LogHelper  : HHH000204: Processing PersistenceUnitInfo [
	name: default
	...]
2018-11-09 11:55:46.334  INFO 7912 --- [restartedMain] org.hibernate.Version                    : HHH000412: Hibernate Core {5.3.7.Final}
2018-11-09 11:55:46.337  INFO 7912 --- [restartedMain] org.hibernate.cfg.Environment            : HHH000206: hibernate.properties not found
2018-11-09 11:55:46.573  INFO 7912 --- [restartedMain] o.hibernate.annotations.common.Version   : HCANN000001: Hibernate Commons Annotations {5.0.4.Final}
2018-11-09 11:55:46.817  INFO 7912 --- [restartedMain] org.hibernate.dialect.Dialect            : HHH000400: Using dialect: org.hibernate.dialect.MySQL5Dialect
2018-11-09 11:55:47.964  WARN 7912 --- [restartedMain] aWebConfiguration$JpaWebMvcConfiguration : spring.jpa.open-in-view is enabled by default. Therefore, database queries may be performed during view rendering. Explicitly configure spring.jpa.open-in-view to disable this warning
2018-11-09 11:55:48.431  INFO 7912 --- [restartedMain] c.e.lombokdemo.LombokdemoApplication     : Started LombokdemoApplication in 7.062 seconds (JVM running for 8.584)
